<?xml version="1.0" encoding="UTF-8"?>
<!-- Generated by org.testng.reporters.JUnitReportReporter -->
<testsuite hostname="DESKTOP-4T9R7PN" failures="0" tests="1" name="com.qa.addProductsSO.runner.TestRunner" time="336.854" errors="0" timestamp="23 Feb 2021 12:31:49 GMT">
  <testcase classname="com.qa.addProductsSO.runner.TestRunner" name="feature" time="336.854"/>
</testsuite> <!-- com.qa.addProductsSO.runner.TestRunner -->
